<?xml version="1.0" encoding="UTF-8"?>
<coverage generated="1565992548089" clover="3.2.0">
  <project timestamp="1565992548089" name="All files">
    <metrics statements="1" coveredstatements="1" conditionals="2" coveredconditionals="2" methods="12" coveredmethods="12" elements="15" coveredelements="15" complexity="0" loc="1" ncloc="1" packages="1" files="1" classes="1"/>
    <file name="problems.js" path="/Users/nolansmac/dev/few/string-lib/problems.js">
      <metrics statements="1" coveredstatements="1" conditionals="2" coveredconditionals="2" methods="12" coveredmethods="12"/>
      <line num="1" count="28" type="cond" truecount="2" falsecount="0"/>
    </file>
  </project>
</coverage>
