{"/Users/nolansmac/dev/few/string-lib/problems.js": {"path":"/Users/nolansmac/dev/few/string-lib/problems.js","statementMap":{"0":{"start":{"line":1,"column":0},"end":{"line":1,"column":1036}},"1":{"start":{"line":1,"column":39},"end":{"line":1,"column":88}},"2":{"start":{"line":1,"column":129},"end":{"line":1,"column":178}},"3":{"start":{"line":1,"column":224},"end":{"line":1,"column":239}},"4":{"start":{"line":1,"column":242},"end":{"line":1,"column":244}},"5":{"start":{"line":1,"column":245},"end":{"line":1,"column":328}},"6":{"start":{"line":1,"column":280},"end":{"line":1,"column":294}},"7":{"start":{"line":1,"column":295},"end":{"line":1,"column":312}},"8":{"start":{"line":1,"column":376},"end":{"line":1,"column":378}},"9":{"start":{"line":1,"column":379},"end":{"line":1,"column":483}},"10":{"start":{"line":1,"column":425},"end":{"line":1,"column":479}},"11":{"start":{"line":1,"column":526},"end":{"line":1,"column":555}},"12":{"start":{"line":1,"column":596},"end":{"line":1,"column":637}},"13":{"start":{"line":1,"column":675},"end":{"line":1,"column":700}},"14":{"start":{"line":1,"column":740},"end":{"line":1,"column":815}},"15":{"start":{"line":1,"column":855},"end":{"line":1,"column":930}},"16":{"start":{"line":1,"column":970},"end":{"line":1,"column":1034}}},"fnMap":{"0":{"name":"(anonymous_0)","decl":{"start":{"line":1,"column":28},"end":{"line":1,"column":29}},"loc":{"start":{"line":1,"column":38},"end":{"line":1,"column":89}},"line":1},"1":{"name":"(anonymous_1)","decl":{"start":{"line":1,"column":118},"end":{"line":1,"column":119}},"loc":{"start":{"line":1,"column":128},"end":{"line":1,"column":179}},"line":1},"2":{"name":"(anonymous_2)","decl":{"start":{"line":1,"column":207},"end":{"line":1,"column":208}},"loc":{"start":{"line":1,"column":217},"end":{"line":1,"column":329}},"line":1},"3":{"name":"(anonymous_3)","decl":{"start":{"line":1,"column":262},"end":{"line":1,"column":263}},"loc":{"start":{"line":1,"column":273},"end":{"line":1,"column":313}},"line":1},"4":{"name":"(anonymous_4)","decl":{"start":{"line":1,"column":359},"end":{"line":1,"column":360}},"loc":{"start":{"line":1,"column":369},"end":{"line":1,"column":484}},"line":1},"5":{"name":"(anonymous_5)","decl":{"start":{"line":1,"column":411},"end":{"line":1,"column":412}},"loc":{"start":{"line":1,"column":424},"end":{"line":1,"column":480}},"line":1},"6":{"name":"(anonymous_6)","decl":{"start":{"line":1,"column":515},"end":{"line":1,"column":516}},"loc":{"start":{"line":1,"column":525},"end":{"line":1,"column":556}},"line":1},"7":{"name":"(anonymous_7)","decl":{"start":{"line":1,"column":585},"end":{"line":1,"column":586}},"loc":{"start":{"line":1,"column":595},"end":{"line":1,"column":638}},"line":1},"8":{"name":"(anonymous_8)","decl":{"start":{"line":1,"column":664},"end":{"line":1,"column":665}},"loc":{"start":{"line":1,"column":674},"end":{"line":1,"column":701}},"line":1},"9":{"name":"(anonymous_9)","decl":{"start":{"line":1,"column":729},"end":{"line":1,"column":730}},"loc":{"start":{"line":1,"column":739},"end":{"line":1,"column":816}},"line":1},"10":{"name":"(anonymous_10)","decl":{"start":{"line":1,"column":844},"end":{"line":1,"column":845}},"loc":{"start":{"line":1,"column":854},"end":{"line":1,"column":931}},"line":1},"11":{"name":"(anonymous_11)","decl":{"start":{"line":1,"column":959},"end":{"line":1,"column":960}},"loc":{"start":{"line":1,"column":969},"end":{"line":1,"column":1035}},"line":1}},"branchMap":{"0":{"loc":{"start":{"line":1,"column":427},"end":{"line":1,"column":465}},"type":"cond-expr","locations":[{"start":{"line":1,"column":434},"end":{"line":1,"column":449}},{"start":{"line":1,"column":450},"end":{"line":1,"column":465}}],"line":1}},"s":{"0":2,"1":22,"2":4,"3":4,"4":4,"5":4,"6":20,"7":20,"8":2,"9":2,"10":28,"11":4,"12":4,"13":2,"14":2,"15":2,"16":2},"f":{"0":22,"1":4,"2":4,"3":20,"4":2,"5":28,"6":4,"7":4,"8":2,"9":2,"10":2,"11":2},"b":{"0":[14,14]},"_coverageSchema":"43e27e138ebf9cfc5966b082cf9a028302ed4184","hash":"984d06df267d3de7c42a8b12906961115888f98c"}
}
